#
# There is insufficient memory for the Java Runtime Environment to continue.
# Native memory allocation (malloc) failed to allocate 69206016 bytes for committing reserved memory.
# Possible reasons:
#   The system is out of physical RAM or swap space
#   In 32 bit mode, the process size limit was hit
# Possible solutions:
#   Reduce memory load on the system
#   Increase physical memory or swap space
#   Check if swap backing store is full
#   Use 64 bit Java on a 64 bit OS
#   Decrease Java heap size (-Xmx/-Xms)
#   Decrease number of Java threads
#   Decrease Java thread stack sizes (-Xss)
#   Set larger code cache with -XX:ReservedCodeCacheSize=
# This output file may be truncated or incomplete.
#
#  Out of Memory Error (os_linux.cpp:2726), pid=20322, tid=139895954458368
#
# JRE version: Java(TM) SE Runtime Environment (7.0_51-b13) (build 1.7.0_51-b13)
# Java VM: Java HotSpot(TM) 64-Bit Server VM (24.51-b03 mixed mode linux-amd64 compressed oops)
# Failed to write core dump. Core dumps have been disabled. To enable core dumping, try "ulimit -c unlimited" before starting Java again
#

---------------  T H R E A D  ---------------

Current thread (0x00007f3c18065000):  VMThread [stack: 0x00007f3c109bc000,0x00007f3c10abd000] [id=20329]

Stack: [0x00007f3c109bc000,0x00007f3c10abd000],  sp=0x00007f3c10abb360,  free space=1020k
Native frames: (J=compiled Java code, j=interpreted, Vv=VM code, C=native code)
V  [libjvm.so+0x992f4a]  VMError::report_and_die()+0x2ea
V  [libjvm.so+0x4931ab]  report_vm_out_of_memory(char const*, int, unsigned long, char const*)+0x9b
V  [libjvm.so+0x81338e]  os::Linux::commit_memory_impl(char*, unsigned long, bool)+0xfe
V  [libjvm.so+0x81383f]  os::Linux::commit_memory_impl(char*, unsigned long, unsigned long, bool)+0x4f
V  [libjvm.so+0x813a2c]  os::pd_commit_memory(char*, unsigned long, unsigned long, bool)+0xc
V  [libjvm.so+0x80daea]  os::commit_memory(char*, unsigned long, unsigned long, bool)+0x2a
V  [libjvm.so+0x87fcd3]  PSVirtualSpace::expand_by(unsigned long)+0x53
V  [libjvm.so+0x8810a8]  PSYoungGen::resize_generation(unsigned long, unsigned long)+0xf8
V  [libjvm.so+0x880212]  PSYoungGen::resize(unsigned long, unsigned long)+0x22
V  [libjvm.so+0x87d6ab]  PSScavenge::invoke_no_policy()+0xf3b
V  [libjvm.so+0x87de11]  PSScavenge::invoke()+0x41
V  [libjvm.so+0x834f10]  ParallelScavengeHeap::failed_mem_allocate(unsigned long)+0x70
V  [libjvm.so+0x9947e7]  VM_ParallelGCFailedAllocation::doit()+0x97
V  [libjvm.so+0x99bc15]  VM_Operation::evaluate()+0x55
V  [libjvm.so+0x99a04a]  VMThread::evaluate_operation(VM_Operation*)+0xba
V  [libjvm.so+0x99a3ce]  VMThread::loop()+0x1ce
V  [libjvm.so+0x99a840]  VMThread::run()+0x70
V  [libjvm.so+0x815538]  java_start(Thread*)+0x108

VM_Operation (0x00007f3c1de3f2d0): ParallelGCFailedAllocation, mode: safepoint, requested by thread 0x00007f3c1800a000


---------------  P R O C E S S  ---------------

Java Threads: ( => current thread )
  0x00007f3c18479800 JavaThread "process reaper" daemon [_thread_blocked, id=20338, stack(0x00007f3c0bd7b000,0x00007f3c0bdb4000)]
  0x00007f3c18092000 JavaThread "Service Thread" daemon [_thread_blocked, id=20335, stack(0x00007f3c10341000,0x00007f3c10442000)]
  0x00007f3c1808f800 JavaThread "C2 CompilerThread1" daemon [_thread_blocked, id=20334, stack(0x00007f3c10442000,0x00007f3c10543000)]
  0x00007f3c1808c800 JavaThread "C2 CompilerThread0" daemon [_thread_blocked, id=20333, stack(0x00007f3c10543000,0x00007f3c10644000)]
  0x00007f3c18082800 JavaThread "Signal Dispatcher" daemon [_thread_blocked, id=20332, stack(0x00007f3c10644000,0x00007f3c10745000)]
  0x00007f3c1806b800 JavaThread "Finalizer" daemon [_thread_blocked, id=20331, stack(0x00007f3c107ba000,0x00007f3c108bb000)]
  0x00007f3c18067800 JavaThread "Reference Handler" daemon [_thread_blocked, id=20330, stack(0x00007f3c108bb000,0x00007f3c109bc000)]
  0x00007f3c1800a000 JavaThread "main" [_thread_blocked, id=20326, stack(0x00007f3c1dd43000,0x00007f3c1de44000)]

Other Threads:
=>0x00007f3c18065000 VMThread [stack: 0x00007f3c109bc000,0x00007f3c10abd000] [id=20329]
  0x00007f3c1809c800 WatcherThread [stack: 0x00007f3c10240000,0x00007f3c10341000] [id=20336]

VM state:at safepoint (normal execution)

VM Mutex/Monitor currently owned by a thread:  ([mutex/lock_event])
[0x00007f3c18006360] Threads_lock - owner thread: 0x00007f3c18065000
[0x00007f3c18006860] Heap_lock - owner thread: 0x00007f3c1800a000

Heap
 PSYoungGen      total 69120K, used 5612K [0x00000000eb800000, 0x00000000f0100000, 0x0000000100000000)
  eden space 63488K, 0% used [0x00000000eb800000,0x00000000eb800000,0x00000000ef600000)
  from space 5632K, 99% used [0x00000000ef600000,0x00000000efb7b240,0x00000000efb80000)
  to   space 5632K, 0% used [0x00000000efb80000,0x00000000efb80000,0x00000000f0100000)
 ParOldGen       total 41984K, used 8752K [0x00000000c2800000, 0x00000000c5100000, 0x00000000eb800000)
  object space 41984K, 20% used [0x00000000c2800000,0x00000000c308c398,0x00000000c5100000)
 PSPermGen       total 21504K, used 15309K [0x00000000bd600000, 0x00000000beb00000, 0x00000000c2800000)
  object space 21504K, 71% used [0x00000000bd600000,0x00000000be4f3480,0x00000000beb00000)

Card table byte_map: [0x00007f3c13d56000,0x00007f3c13f6c000] byte_map_base: 0x00007f3c1376b000

Polling page: 0x00007f3c1de63000

Code Cache  [0x00007f3c13f6c000, 0x00007f3c141dc000, 0x00007f3c16f6c000)
 total_blobs=689 nmethods=415 adapters=228 free_code_cache=47700Kb largest_free_block=48752576

Compilation events (10 events):
Event: 9,367 Thread 0x00007f3c1808f800  431             org.netbeans.shaded.json.simple.JSONValue::escape (276 bytes)
Event: 9,377 Thread 0x00007f3c1808c800  432             java.lang.ThreadLocal::get (34 bytes)
Event: 9,379 Thread 0x00007f3c1808c800 nmethod 432 0x00007f3c1402a190 code [0x00007f3c1402a300, 0x00007f3c1402a438]
Event: 9,379 Thread 0x00007f3c1808c800  433             java.lang.ThreadLocal$ThreadLocalMap::access$000 (6 bytes)
Event: 9,380 Thread 0x00007f3c1808f800 nmethod 431 0x00007f3c140dce10 code [0x00007f3c140dd060, 0x00007f3c140ddaa8]
Event: 9,380 Thread 0x00007f3c1808f800  434             java.lang.ThreadLocal$ThreadLocalMap::getEntry (42 bytes)
Event: 9,381 Thread 0x00007f3c1808c800 nmethod 433 0x00007f3c14029dd0 code [0x00007f3c14029f20, 0x00007f3c1402a008]
Event: 9,381 Thread 0x00007f3c1808f800 nmethod 434 0x00007f3c14029a50 code [0x00007f3c14029ba0, 0x00007f3c14029c88]
Event: 9,794 Thread 0x00007f3c1808c800  435             java.net.URL::getFile (5 bytes)
Event: 9,795 Thread 0x00007f3c1808c800 nmethod 435 0x00007f3c140e4550 code [0x00007f3c140e4680, 0x00007f3c140e46d8]

GC Heap History (10 events):
Event: 2,957 GC heap after
Heap after GC invocations=2 (full 0):
 PSYoungGen      total 18432K, used 2557K [0x00000000eb800000, 0x00000000ecc80000, 0x0000000100000000)
  eden space 15872K, 0% used [0x00000000eb800000,0x00000000eb800000,0x00000000ec780000)
  from space 2560K, 99% used [0x00000000eca00000,0x00000000ecc7f760,0x00000000ecc80000)
  to   space 2560K, 0% used [0x00000000ec780000,0x00000000ec780000,0x00000000eca00000)
 ParOldGen       total 41984K, used 771K [0x00000000c2800000, 0x00000000c5100000, 0x00000000eb800000)
  object space 41984K, 1% used [0x00000000c2800000,0x00000000c28c0e30,0x00000000c5100000)
 PSPermGen       total 21504K, used 7522K [0x00000000bd600000, 0x00000000beb00000, 0x00000000c2800000)
  object space 21504K, 34% used [0x00000000bd600000,0x00000000bdd588a0,0x00000000beb00000)
}
Event: 3,639 GC heap before
{Heap before GC invocations=3 (full 0):
 PSYoungGen      total 18432K, used 18429K [0x00000000eb800000, 0x00000000ecc80000, 0x0000000100000000)
  eden space 15872K, 100% used [0x00000000eb800000,0x00000000ec780000,0x00000000ec780000)
  from space 2560K, 99% used [0x00000000eca00000,0x00000000ecc7f760,0x00000000ecc80000)
  to   space 2560K, 0% used [0x00000000ec780000,0x00000000ec780000,0x00000000eca00000)
 ParOldGen       total 41984K, used 771K [0x00000000c2800000, 0x00000000c5100000, 0x00000000eb800000)
  object space 41984K, 1% used [0x00000000c2800000,0x00000000c28c0e30,0x00000000c5100000)
 PSPermGen       total 21504K, used 9520K [0x00000000bd600000, 0x00000000beb00000, 0x00000000c2800000)
  object space 21504K, 44% used [0x00000000bd600000,0x00000000bdf4c3a0,0x00000000beb00000)
Event: 3,649 GC heap after
Heap after GC invocations=3 (full 0):
 PSYoungGen      total 18432K, used 2546K [0x00000000eb800000, 0x00000000edc00000, 0x0000000100000000)
  eden space 15872K, 0% used [0x00000000eb800000,0x00000000eb800000,0x00000000ec780000)
  from space 2560K, 99% used [0x00000000ec780000,0x00000000ec9fc838,0x00000000eca00000)
  to   space 2560K, 0% used [0x00000000ed980000,0x00000000ed980000,0x00000000edc00000)
 ParOldGen       total 41984K, used 2108K [0x00000000c2800000, 0x00000000c5100000, 0x00000000eb800000)
  object space 41984K, 5% used [0x00000000c2800000,0x00000000c2a0f2e0,0x00000000c5100000)
 PSPermGen       total 21504K, used 9520K [0x00000000bd600000, 0x00000000beb00000, 0x00000000c2800000)
  object space 21504K, 44% used [0x00000000bd600000,0x00000000bdf4c3a0,0x00000000beb00000)
}
Event: 4,879 GC heap before
{Heap before GC invocations=4 (full 0):
 PSYoungGen      total 18432K, used 18418K [0x00000000eb800000, 0x00000000edc00000, 0x0000000100000000)
  eden space 15872K, 100% used [0x00000000eb800000,0x00000000ec780000,0x00000000ec780000)
  from space 2560K, 99% used [0x00000000ec780000,0x00000000ec9fc838,0x00000000eca00000)
  to   space 2560K, 0% used [0x00000000ed980000,0x00000000ed980000,0x00000000edc00000)
 ParOldGen       total 41984K, used 2108K [0x00000000c2800000, 0x00000000c5100000, 0x00000000eb800000)
  object space 41984K, 5% used [0x00000000c2800000,0x00000000c2a0f2e0,0x00000000c5100000)
 PSPermGen       total 21504K, used 11945K [0x00000000bd600000, 0x00000000beb00000, 0x00000000c2800000)
  object space 21504K, 55% used [0x00000000bd600000,0x00000000be1aa798,0x00000000beb00000)
Event: 4,894 GC heap after
Heap after GC invocations=4 (full 0):
 PSYoungGen      total 34304K, used 2560K [0x00000000eb800000, 0x00000000edc00000, 0x0000000100000000)
  eden space 31744K, 0% used [0x00000000eb800000,0x00000000eb800000,0x00000000ed700000)
  from space 2560K, 100% used [0x00000000ed980000,0x00000000edc00000,0x00000000edc00000)
  to   space 2560K, 0% used [0x00000000ed700000,0x00000000ed700000,0x00000000ed980000)
 ParOldGen       total 41984K, used 4192K [0x00000000c2800000, 0x00000000c5100000, 0x00000000eb800000)
  object space 41984K, 9% used [0x00000000c2800000,0x00000000c2c18040,0x00000000c5100000)
 PSPermGen       total 21504K, used 11945K [0x00000000bd600000, 0x00000000beb00000, 0x00000000c2800000)
  object space 21504K, 55% used [0x00000000bd600000,0x00000000be1aa798,0x00000000beb00000)
}
Event: 6,259 GC heap before
{Heap before GC invocations=5 (full 0):
 PSYoungGen      total 34304K, used 34304K [0x00000000eb800000, 0x00000000edc00000, 0x0000000100000000)
  eden space 31744K, 100% used [0x00000000eb800000,0x00000000ed700000,0x00000000ed700000)
  from space 2560K, 100% used [0x00000000ed980000,0x00000000edc00000,0x00000000edc00000)
  to   space 2560K, 0% used [0x00000000ed700000,0x00000000ed700000,0x00000000ed980000)
 ParOldGen       total 41984K, used 4192K [0x00000000c2800000, 0x00000000c5100000, 0x00000000eb800000)
  object space 41984K, 9% used [0x00000000c2800000,0x00000000c2c18040,0x00000000c5100000)
 PSPermGen       total 21504K, used 12143K [0x00000000bd600000, 0x00000000beb00000, 0x00000000c2800000)
  object space 21504K, 56% used [0x00000000bd600000,0x00000000be1dbec8,0x00000000beb00000)
Event: 6,293 GC heap after
Heap after GC invocations=5 (full 0):
 PSYoungGen      total 34304K, used 2560K [0x00000000eb800000, 0x00000000f0100000, 0x0000000100000000)
  eden space 31744K, 0% used [0x00000000eb800000,0x00000000eb800000,0x00000000ed700000)
  from space 2560K, 100% used [0x00000000ed700000,0x00000000ed980000,0x00000000ed980000)
  to   space 5632K, 0% used [0x00000000efb80000,0x00000000efb80000,0x00000000f0100000)
 ParOldGen       total 41984K, used 6076K [0x00000000c2800000, 0x00000000c5100000, 0x00000000eb800000)
  object space 41984K, 14% used [0x00000000c2800000,0x00000000c2def1a8,0x00000000c5100000)
 PSPermGen       total 21504K, used 12143K [0x00000000bd600000, 0x00000000beb00000, 0x00000000c2800000)
  object space 21504K, 56% used [0x00000000bd600000,0x00000000be1dbec8,0x00000000beb00000)
}
Event: 7,843 GC heap before
{Heap before GC invocations=6 (full 0):
 PSYoungGen      total 34304K, used 34304K [0x00000000eb800000, 0x00000000f0100000, 0x0000000100000000)
  eden space 31744K, 100% used [0x00000000eb800000,0x00000000ed700000,0x00000000ed700000)
  from space 2560K, 100% used [0x00000000ed700000,0x00000000ed980000,0x00000000ed980000)
  to   space 5632K, 0% used [0x00000000efb80000,0x00000000efb80000,0x00000000f0100000)
 ParOldGen       total 41984K, used 6076K [0x00000000c2800000, 0x00000000c5100000, 0x00000000eb800000)
  object space 41984K, 14% used [0x00000000c2800000,0x00000000c2def1a8,0x00000000c5100000)
 PSPermGen       total 21504K, used 12814K [0x00000000bd600000, 0x00000000beb00000, 0x00000000c2800000)
  object space 21504K, 59% used [0x00000000bd600000,0x00000000be283848,0x00000000beb00000)
Event: 7,858 GC heap after
Heap after GC invocations=6 (full 0):
 PSYoungGen      total 69120K, used 4605K [0x00000000eb800000, 0x00000000f0100000, 0x0000000100000000)
  eden space 63488K, 0% used [0x00000000eb800000,0x00000000eb800000,0x00000000ef600000)
  from space 5632K, 81% used [0x00000000efb80000,0x00000000effff408,0x00000000f0100000)
  to   space 5632K, 0% used [0x00000000ef600000,0x00000000ef600000,0x00000000efb80000)
 ParOldGen       total 41984K, used 6076K [0x00000000c2800000, 0x00000000c5100000, 0x00000000eb800000)
  object space 41984K, 14% used [0x00000000c2800000,0x00000000c2def1a8,0x00000000c5100000)
 PSPermGen       total 21504K, used 12814K [0x00000000bd600000, 0x00000000beb00000, 0x00000000c2800000)
  object space 21504K, 59% used [0x00000000bd600000,0x00000000be283848,0x00000000beb00000)
}
Event: 9,887 GC heap before
{Heap before GC invocations=7 (full 0):
 PSYoungGen      total 69120K, used 68093K [0x00000000eb800000, 0x00000000f0100000, 0x0000000100000000)
  eden space 63488K, 100% used [0x00000000eb800000,0x00000000ef600000,0x00000000ef600000)
  from space 5632K, 81% used [0x00000000efb80000,0x00000000effff408,0x00000000f0100000)
  to   space 5632K, 0% used [0x00000000ef600000,0x00000000ef600000,0x00000000efb80000)
 ParOldGen       total 41984K, used 6076K [0x00000000c2800000, 0x00000000c5100000, 0x00000000eb800000)
  object space 41984K, 14% used [0x00000000c2800000,0x00000000c2def1a8,0x00000000c5100000)
 PSPermGen       total 21504K, used 15309K [0x00000000bd600000, 0x00000000beb00000, 0x00000000c2800000)
  object space 21504K, 71% used [0x00000000bd600000,0x00000000be4f3480,0x00000000beb00000)

Deoptimization events (10 events):
Event: 8,832 Thread 0x00007f3c1800a000 Uncommon trap: reason=bimorphic action=maybe_recompile pc=0x00007f3c14099724 method=java.util.AbstractCollection.containsAll(Ljava/util/Collection;)Z @ 1
Event: 8,875 Thread 0x00007f3c1800a000 Uncommon trap: reason=null_check action=make_not_entrant pc=0x00007f3c140d0a28 method=org.sonatype.guice.bean.locators.RankedSequence.topRank()I @ 4
Event: 9,085 Thread 0x00007f3c1800a000 Uncommon trap: reason=null_check action=make_not_entrant pc=0x00007f3c140df7fc method=java.util.jar.Attributes.putValue(Ljava/lang/String;Ljava/lang/String;)Ljava/lang/String; @ 13
Event: 9,143 Thread 0x00007f3c1800a000 Uncommon trap: reason=null_check action=make_not_entrant pc=0x00007f3c140d8944 method=org.sonatype.guice.bean.locators.RankedSequence.topRank()I @ 4
Event: 9,238 Thread 0x00007f3c1800a000 Uncommon trap: reason=class_check action=maybe_recompile pc=0x00007f3c14097d7c method=java.util.Arrays.copyOf([Ljava/lang/Object;ILjava/lang/Class;)[Ljava/lang/Object; @ 25
Event: 9,354 Thread 0x00007f3c1800a000 Uncommon trap: reason=class_check action=maybe_recompile pc=0x00007f3c14097d7c method=java.util.Arrays.copyOf([Ljava/lang/Object;ILjava/lang/Class;)[Ljava/lang/Object; @ 25
Event: 9,883 Thread 0x00007f3c1800a000 Uncommon trap: reason=class_check action=maybe_recompile pc=0x00007f3c14008454 method=java.lang.String.equals(Ljava/lang/Object;)Z @ 8
Event: 9,883 Thread 0x00007f3c1800a000 Uncommon trap: reason=class_check action=maybe_recompile pc=0x00007f3c14008454 method=java.lang.String.equals(Ljava/lang/Object;)Z @ 8
Event: 9,883 Thread 0x00007f3c1800a000 Uncommon trap: reason=class_check action=maybe_recompile pc=0x00007f3c14008454 method=java.lang.String.equals(Ljava/lang/Object;)Z @ 8
Event: 9,883 Thread 0x00007f3c1800a000 Uncommon trap: reason=class_check action=maybe_recompile pc=0x00007f3c14008454 method=java.lang.String.equals(Ljava/lang/Object;)Z @ 8

Internal exceptions (10 events):
Event: 9,871 Thread 0x00007f3c1800a000 Threw 0x00000000ef5837f0 at /HUDSON/workspace/7u-2-build-linux-amd64@2/jdk7u51/527/hotspot/src/share/vm/prims/jvm.cpp:1244
Event: 9,872 Thread 0x00007f3c1800a000 Threw 0x00000000ef589cf0 at /HUDSON/workspace/7u-2-build-linux-amd64@2/jdk7u51/527/hotspot/src/share/vm/prims/jvm.cpp:1244
Event: 9,875 Thread 0x00007f3c1800a000 Threw 0x00000000ef59f630 at /HUDSON/workspace/7u-2-build-linux-amd64@2/jdk7u51/527/hotspot/src/share/vm/prims/jvm.cpp:1244
Event: 9,877 Thread 0x00007f3c1800a000 Threw 0x00000000ef5b3e20 at /HUDSON/workspace/7u-2-build-linux-amd64@2/jdk7u51/527/hotspot/src/share/vm/prims/jvm.cpp:1244
Event: 9,879 Thread 0x00007f3c1800a000 Threw 0x00000000ef5c12b0 at /HUDSON/workspace/7u-2-build-linux-amd64@2/jdk7u51/527/hotspot/src/share/vm/prims/jvm.cpp:1244
Event: 9,880 Thread 0x00007f3c1800a000 Threw 0x00000000ef5c61b0 at /HUDSON/workspace/7u-2-build-linux-amd64@2/jdk7u51/527/hotspot/src/share/vm/prims/jvm.cpp:1244
Event: 9,880 Thread 0x00007f3c1800a000 Threw 0x00000000ef5cbfd8 at /HUDSON/workspace/7u-2-build-linux-amd64@2/jdk7u51/527/hotspot/src/share/vm/prims/jvm.cpp:1244
Event: 9,881 Thread 0x00007f3c1800a000 Threw 0x00000000ef5d1840 at /HUDSON/workspace/7u-2-build-linux-amd64@2/jdk7u51/527/hotspot/src/share/vm/prims/jvm.cpp:1244
Event: 9,883 Thread 0x00007f3c1800a000 Threw 0x00000000ef5d7630 at /HUDSON/workspace/7u-2-build-linux-amd64@2/jdk7u51/527/hotspot/src/share/vm/prims/jvm.cpp:1244
Event: 9,887 Thread 0x00007f3c1800a000 Threw 0x00000000ef5ff0a8 at /HUDSON/workspace/7u-2-build-linux-amd64@2/jdk7u51/527/hotspot/src/share/vm/prims/jvm.cpp:1244

Events (10 events):
Event: 9,883 Thread 0x00007f3c1800a000 DEOPT PACKING pc=0x00007f3c14008454 sp=0x00007f3c1de411e0
Event: 9,883 Thread 0x00007f3c1800a000 DEOPT UNPACKING pc=0x00007f3c13fa5045 sp=0x00007f3c1de41190 mode 2
Event: 9,883 Thread 0x00007f3c1800a000 Uncommon trap: trap_request=0xffffffde fr.pc=0x00007f3c14008454
Event: 9,883 Thread 0x00007f3c1800a000 DEOPT PACKING pc=0x00007f3c14008454 sp=0x00007f3c1de411e0
Event: 9,883 Thread 0x00007f3c1800a000 DEOPT UNPACKING pc=0x00007f3c13fa5045 sp=0x00007f3c1de41190 mode 2
Event: 9,887 loading class 0x00007f3c1869bed0
Event: 9,887 loading class 0x00007f3c1869bed0 done
Event: 9,887 loading class 0x00007f3c1869bed0
Event: 9,887 loading class 0x00007f3c1869bed0 done
Event: 9,887 Executing VM operation: ParallelGCFailedAllocation


Dynamic libraries:
00400000-00401000 r-xp 00000000 08:05 175522                             /usr/lib/jvm/java-7-oracle/bin/java
00600000-00601000 rw-p 00000000 08:05 175522                             /usr/lib/jvm/java-7-oracle/bin/java
00c9d000-00cbe000 rw-p 00000000 00:00 0                                  [heap]
bd600000-beb00000 rw-p 00000000 00:00 0 
beb00000-c2800000 rw-p 00000000 00:00 0 
c2800000-c5100000 rw-p 00000000 00:00 0 
c5100000-eb800000 rw-p 00000000 00:00 0 
eb800000-f0100000 rw-p 00000000 00:00 0 
f4300000-100000000 rw-p 00000000 00:00 0 
7f3bdc000000-7f3bdc021000 rw-p 00000000 00:00 0 
7f3bdc021000-7f3be0000000 ---p 00000000 00:00 0 
7f3be4000000-7f3be4021000 rw-p 00000000 00:00 0 
7f3be4021000-7f3be8000000 ---p 00000000 00:00 0 
7f3be8000000-7f3be8021000 rw-p 00000000 00:00 0 
7f3be8021000-7f3bec000000 ---p 00000000 00:00 0 
7f3bec000000-7f3bec8a5000 rw-p 00000000 00:00 0 
7f3bec8a5000-7f3bf0000000 ---p 00000000 00:00 0 
7f3bf0000000-7f3bf08b3000 rw-p 00000000 00:00 0 
7f3bf08b3000-7f3bf4000000 ---p 00000000 00:00 0 
7f3bf4000000-7f3bf4021000 rw-p 00000000 00:00 0 
7f3bf4021000-7f3bf8000000 ---p 00000000 00:00 0 
7f3bf8000000-7f3bf8021000 rw-p 00000000 00:00 0 
7f3bf8021000-7f3bfc000000 ---p 00000000 00:00 0 
7f3bfc000000-7f3bfc24e000 rw-p 00000000 00:00 0 
7f3bfc24e000-7f3c00000000 ---p 00000000 00:00 0 
7f3c00000000-7f3c00021000 rw-p 00000000 00:00 0 
7f3c00021000-7f3c04000000 ---p 00000000 00:00 0 
7f3c04000000-7f3c04021000 rw-p 00000000 00:00 0 
7f3c04021000-7f3c08000000 ---p 00000000 00:00 0 
7f3c0bc65000-7f3c0bc66000 rw-p 00000000 00:00 0 
7f3c0bc66000-7f3c0bc6d000 r--s 00000000 08:05 20964                      /usr/lib/x86_64-linux-gnu/gconv/gconv-modules.cache
7f3c0bc6d000-7f3c0bc92000 r--p 00000000 08:05 20500                      /usr/share/locale/cs/LC_MESSAGES/libc.mo
7f3c0bc92000-7f3c0bcf7000 r--s 0081d000 08:05 2093757                    /home/mejty/.m2/repository/org/aspectj/aspectjtools/1.6.11/aspectjtools-1.6.11.jar
7f3c0bcf7000-7f3c0bcfc000 r--s 00016000 08:05 2093756                    /home/mejty/.m2/repository/xml-apis/xml-apis/1.0.b2/xml-apis-1.0.b2.jar
7f3c0bcfc000-7f3c0bcfe000 r--s 00008000 08:05 1973288                    /home/mejty/.m2/repository/commons-logging/commons-logging/1.0.4/commons-logging-1.0.4.jar
7f3c0bcfe000-7f3c0bd02000 r--s 00026000 08:05 2093752                    /home/mejty/.m2/repository/commons-digester/commons-digester/1.6/commons-digester-1.6.jar
7f3c0bd02000-7f3c0bd07000 r--s 0002a000 08:05 2093751                    /home/mejty/.m2/repository/commons-beanutils/commons-beanutils/1.7.0/commons-beanutils-1.7.0.jar
7f3c0bd07000-7f3c0bd0a000 r--s 00014000 08:05 2093750                    /home/mejty/.m2/repository/commons-validator/commons-validator/1.2.0/commons-validator-1.2.0.jar
7f3c0bd0a000-7f3c0bd0c000 r--s 00003000 08:05 1444795                    /home/mejty/.m2/repository/org/apache/maven/reporting/maven-reporting-impl/2.1/maven-reporting-impl-2.1.jar
7f3c0bd0c000-7f3c0bd19000 r--s 0007f000 08:05 2093746                    /home/mejty/.m2/repository/commons-collections/commons-collections/3.2/commons-collections-3.2.jar
7f3c0bd19000-7f3c0bd1b000 r--s 0000e000 08:05 2093747                    /home/mejty/.m2/repository/oro/oro/2.0.8/oro-2.0.8.jar
7f3c0bd1b000-7f3c0bd23000 r--s 00058000 08:05 668490                     /home/mejty/.m2/repository/org/apache/velocity/velocity/1.5/velocity-1.5.jar
7f3c0bd23000-7f3c0bd24000 r--s 00001000 08:05 2093743                    /home/mejty/.m2/repository/org/codehaus/plexus/plexus-velocity/1.1.7/plexus-velocity-1.1.7.jar
7f3c0bd24000-7f3c0bd25000 r--s 00002000 08:05 2093742                    /home/mejty/.m2/repository/org/codehaus/plexus/plexus-i18n/1.0-beta-7/plexus-i18n-1.0-beta-7.jar
7f3c0bd25000-7f3c0bd27000 r--s 00008000 08:05 2093738                    /home/mejty/.m2/repository/org/apache/maven/doxia/doxia-module-fml/1.1.2/doxia-module-fml-1.1.2.jar
7f3c0bd27000-7f3c0bd28000 r--s 00003000 08:05 2093737                    /home/mejty/.m2/repository/org/apache/maven/doxia/doxia-module-xhtml/1.1.2/doxia-module-xhtml-1.1.2.jar
7f3c0bd28000-7f3c0bd2a000 r--s 0000b000 08:05 2093736                    /home/mejty/.m2/repository/org/apache/maven/doxia/doxia-decoration-model/1.1.2/doxia-decoration-model-1.1.2.jar
7f3c0bd2a000-7f3c0bd2c000 r--s 00006000 08:05 2093732                    /home/mejty/.m2/repository/commons-codec/commons-codec/1.2/commons-codec-1.2.jar
7f3c0bd2c000-7f3c0bd32000 r--s 00045000 08:05 2093731                    /home/mejty/.m2/repository/commons-httpclient/commons-httpclient/3.1/commons-httpclient-3.1.jar
7f3c0bd32000-7f3c0bd36000 r--s 0003c000 08:05 2093728                    /home/mejty/.m2/repository/commons-lang/commons-lang/2.4/commons-lang-2.4.jar
7f3c0bd36000-7f3c0bd4d000 r--s 00112000 08:05 2093727                    /home/mejty/.m2/repository/xerces/xercesImpl/2.8.1/xercesImpl-2.8.1.jar
7f3c0bd4d000-7f3c0bd51000 r--s 00023000 08:05 2093725                    /home/mejty/.m2/repository/org/apache/maven/doxia/doxia-core/1.1.2/doxia-core-1.1.2.jar
7f3c0bd51000-7f3c0bd53000 r--s 0000b000 08:05 2093726                    /home/mejty/.m2/repository/org/apache/maven/doxia/doxia-site-renderer/1.1.2/doxia-site-renderer-1.1.2.jar
7f3c0bd53000-7f3c0bd54000 r--s 00002000 08:05 2093722                    /home/mejty/.m2/repository/org/apache/maven/doxia/doxia-logging-api/1.1/doxia-logging-api-1.1.jar
7f3c0bd54000-7f3c0bd56000 r--s 00002000 08:05 1575796                    /home/mejty/.m2/repository/org/apache/maven/doxia/doxia-sink-api/1.1/doxia-sink-api-1.1.jar
7f3c0bd56000-7f3c0bd57000 r--s 00002000 08:05 2093721                    /home/mejty/.m2/repository/org/apache/maven/reporting/maven-reporting-api/2.2.0/maven-reporting-api-2.2.0.jar
7f3c0bd57000-7f3c0bd59000 r--s 0000b000 08:05 1575795                    /home/mejty/.m2/repository/org/codehaus/plexus/plexus-interpolation/1.11/plexus-interpolation-1.11.jar
7f3c0bd59000-7f3c0bd61000 r--s 00049000 08:05 2093720                    /home/mejty/.m2/repository/backport-util-concurrent/backport-util-concurrent/3.1/backport-util-concurrent-3.1.jar
7f3c0bd61000-7f3c0bd63000 r--s 0000a000 08:05 668359                     /home/mejty/.m2/repository/org/codehaus/mojo/aspectj-maven-plugin/1.4/aspectj-maven-plugin-1.4.jar
7f3c0bd63000-7f3c0bd65000 r--s 00002000 08:05 2093330                    /home/mejty/.m2/repository/org/codehaus/plexus/plexus-compiler-javac/1.8.1/plexus-compiler-javac-1.8.1.jar
7f3c0bd65000-7f3c0bd67000 r--s 00000000 08:05 2093329                    /home/mejty/.m2/repository/org/codehaus/plexus/plexus-compiler-manager/1.8.1/plexus-compiler-manager-1.8.1.jar
7f3c0bd67000-7f3c0bd68000 r--s 00004000 08:05 1575762                    /home/mejty/.m2/repository/org/codehaus/plexus/plexus-compiler-api/1.8.1/plexus-compiler-api-1.8.1.jar
7f3c0bd68000-7f3c0bd6a000 r--s 00006000 08:05 1314168                    /home/mejty/.m2/repository/org/apache/maven/plugins/maven-compiler-plugin/2.3.2/maven-compiler-plugin-2.3.2.jar
7f3c0bd6a000-7f3c0bd6c000 r--s 0000d000 08:05 1575739                    /home/mejty/.m2/repository/org/codehaus/plexus/plexus-interpolation/1.13/plexus-interpolation-1.13.jar
7f3c0bd6c000-7f3c0bd6d000 r--s 00001000 08:05 2093287                    /home/mejty/.m2/repository/org/sonatype/plexus/plexus-build-api/0.0.4/plexus-build-api-0.0.4.jar
7f3c0bd6d000-7f3c0bd6f000 r--s 00009000 08:05 1575738                    /home/mejty/.m2/repository/org/apache/maven/shared/maven-filtering/1.0/maven-filtering-1.0.jar
7f3c0bd6f000-7f3c0bd73000 r--s 00033000 08:05 668413                     /home/mejty/.m2/repository/org/codehaus/plexus/plexus-utils/2.0.5/plexus-utils-2.0.5.jar
7f3c0bd73000-7f3c0bd76000 r--s 0001b000 08:05 2093284                    /home/mejty/.m2/repository/junit/junit/3.8.1/junit-3.8.1.jar
7f3c0bd76000-7f3c0bd78000 r--s 00002000 08:05 668461                     /home/mejty/.m2/repository/org/codehaus/plexus/plexus-interactivity-api/1.0-alpha-4/plexus-interactivity-api-1.0-alpha-4.jar
7f3c0bd78000-7f3c0bd7a000 r--s 00006000 08:05 2093283                    /home/mejty/.m2/repository/commons-cli/commons-cli/1.0/commons-cli-1.0.jar
7f3c0bd7a000-7f3c0bd7b000 r--s 00001000 08:05 1444757                    /home/mejty/.m2/repository/org/apache/maven/doxia/doxia-sink-api/1.0-alpha-7/doxia-sink-api-1.0-alpha-7.jar
7f3c0bd7b000-7f3c0bd7e000 ---p 00000000 00:00 0 
7f3c0bd7e000-7f3c0bdb4000 rw-p 00000000 00:00 0 
7f3c0bdb4000-7f3c0bdb8000 r--s 0008a000 08:05 175778                     /usr/lib/jvm/java-7-oracle/jre/lib/jsse.jar
7f3c0bdb8000-7f3c0bde9000 rw-p 00000000 00:00 0 
7f3c0bde9000-7f3c0bdff000 r-xp 00000000 08:05 178097                     /usr/lib/jvm/java-7-oracle/jre/lib/amd64/libnet.so
7f3c0bdff000-7f3c0bfff000 ---p 00016000 08:05 178097                     /usr/lib/jvm/java-7-oracle/jre/lib/amd64/libnet.so
7f3c0bfff000-7f3c0c000000 rw-p 00016000 08:05 178097                     /usr/lib/jvm/java-7-oracle/jre/lib/amd64/libnet.so
7f3c0c000000-7f3c0c022000 rw-p 00000000 00:00 0 
7f3c0c022000-7f3c10000000 ---p 00000000 00:00 0 
7f3c10000000-7f3c10001000 r--s 00002000 08:05 1444756                    /home/mejty/.m2/repository/org/apache/maven/reporting/maven-reporting-api/2.0.6/maven-reporting-api-2.0.6.jar
7f3c10001000-7f3c10003000 r--s 00005000 08:05 1314161                    /home/mejty/.m2/repository/org/apache/maven/plugins/maven-resources-plugin/2.5/maven-resources-plugin-2.5.jar
7f3c10003000-7f3c10005000 r--s 0000c000 08:05 1963625                    /home/mejty/netbeans-8.0beta/java/maven-nblib/netbeans-eventspy.jar
7f3c10005000-7f3c10007000 r--s 00002000 08:05 1963635                    /home/mejty/netbeans-8.0beta/java/maven/lib/plexus-cipher-1.7.jar
7f3c10007000-7f3c10022000 r--s 000e0000 08:05 1963613                    /home/mejty/netbeans-8.0beta/java/maven/lib/wagon-http-2.4-shaded.jar
7f3c10022000-7f3c10025000 r--s 0001d000 08:05 1963629                    /home/mejty/netbeans-8.0beta/java/maven/lib/aether-impl-1.13.1.jar
7f3c10025000-7f3c1002c000 r--s 0003e000 08:05 1963605                    /home/mejty/netbeans-8.0beta/java/maven/lib/sisu-inject-bean-2.3.0.jar
7f3c1002c000-7f3c1003c000 r-xp 00000000 08:05 178087                     /usr/lib/jvm/java-7-oracle/jre/lib/amd64/libnio.so
7f3c1003c000-7f3c1023c000 ---p 00010000 08:05 178087                     /usr/lib/jvm/java-7-oracle/jre/lib/amd64/libnio.so
7f3c1023c000-7f3c1023d000 rw-p 00010000 08:05 178087                     /usr/lib/jvm/java-7-oracle/jre/lib/amd64/libnio.so
7f3c1023d000-7f3c10240000 r--s 00033000 08:05 1963628                    /home/mejty/netbeans-8.0beta/java/maven/lib/plexus-utils-2.0.6.jar
7f3c10240000-7f3c10241000 ---p 00000000 00:00 0 
7f3c10241000-7f3c10341000 rw-p 00000000 00:00 0 
7f3c10341000-7f3c10344000 ---p 00000000 00:00 0 
7f3c10344000-7f3c10442000 rw-p 00000000 00:00 0 
7f3c10442000-7f3c10445000 ---p 00000000 00:00 0 
7f3c10445000-7f3c10543000 rw-p 00000000 00:00 0 
7f3c10543000-7f3c10546000 ---p 00000000 00:00 0 
7f3c10546000-7f3c10644000 rw-p 00000000 00:00 0 
7f3c10644000-7f3c10647000 ---p 00000000 00:00 0 
7f3c10647000-7f3c10745000 rw-p 00000000 00:00 0 
7f3c10745000-7f3c107ba000 r--p 00000000 08:05 4927                       /usr/lib/locale/locale-archive
7f3c107ba000-7f3c107bd000 ---p 00000000 00:00 0 
7f3c107bd000-7f3c108bb000 rw-p 00000000 00:00 0 
7f3c108bb000-7f3c108be000 ---p 00000000 00:00 0 
7f3c108be000-7f3c109bc000 rw-p 00000000 00:00 0 
7f3c109bc000-7f3c109bd000 ---p 00000000 00:00 0 
7f3c109bd000-7f3c11474000 rw-p 00000000 00:00 0 
7f3c11474000-7f3c11631000 r--s 039bf000 08:05 175781                     /usr/lib/jvm/java-7-oracle/jre/lib/rt.jar
7f3c11631000-7f3c13a0c000 rw-p 00000000 00:00 0 
7f3c13a0c000-7f3c13a0d000 ---p 00000000 00:00 0 
7f3c13a0d000-7f3c13b0d000 rw-p 00000000 00:00 0 
7f3c13b0d000-7f3c13b0e000 ---p 00000000 00:00 0 
7f3c13b0e000-7f3c13c23000 rw-p 00000000 00:00 0 
7f3c13c23000-7f3c13d56000 rw-p 00000000 00:00 0 
7f3c13d56000-7f3c13d61000 rw-p 00000000 00:00 0 
7f3c13d61000-7f3c13d7f000 rw-p 00000000 00:00 0 
7f3c13d7f000-7f3c13d94000 rw-p 00000000 00:00 0 
7f3c13d94000-7f3c13ec7000 rw-p 00000000 00:00 0 
7f3c13ec7000-7f3c13eec000 rw-p 00000000 00:00 0 
7f3c13eec000-7f3c13f6b000 rw-p 00000000 00:00 0 
7f3c13f6b000-7f3c13f6c000 rw-p 00000000 00:00 0 
7f3c13f6c000-7f3c141dc000 rwxp 00000000 00:00 0 
7f3c141dc000-7f3c16f6c000 rw-p 00000000 00:00 0 
7f3c16f6c000-7f3c16f86000 r-xp 00000000 08:05 178078                     /usr/lib/jvm/java-7-oracle/jre/lib/amd64/libzip.so
7f3c16f86000-7f3c17186000 ---p 0001a000 08:05 178078                     /usr/lib/jvm/java-7-oracle/jre/lib/amd64/libzip.so
7f3c17186000-7f3c17187000 rw-p 0001a000 08:05 178078                     /usr/lib/jvm/java-7-oracle/jre/lib/amd64/libzip.so
7f3c17187000-7f3c17193000 r-xp 00000000 08:05 20994                      /lib/x86_64-linux-gnu/libnss_files-2.17.so
7f3c17193000-7f3c17392000 ---p 0000c000 08:05 20994                      /lib/x86_64-linux-gnu/libnss_files-2.17.so
7f3c17392000-7f3c17393000 r--p 0000b000 08:05 20994                      /lib/x86_64-linux-gnu/libnss_files-2.17.so
7f3c17393000-7f3c17394000 rw-p 0000c000 08:05 20994                      /lib/x86_64-linux-gnu/libnss_files-2.17.so
7f3c17394000-7f3c1739e000 r-xp 00000000 08:05 20998                      /lib/x86_64-linux-gnu/libnss_nis-2.17.so
7f3c1739e000-7f3c1759d000 ---p 0000a000 08:05 20998                      /lib/x86_64-linux-gnu/libnss_nis-2.17.so
7f3c1759d000-7f3c1759e000 r--p 00009000 08:05 20998                      /lib/x86_64-linux-gnu/libnss_nis-2.17.so
7f3c1759e000-7f3c1759f000 rw-p 0000a000 08:05 20998                      /lib/x86_64-linux-gnu/libnss_nis-2.17.so
7f3c1759f000-7f3c175b4000 r-xp 00000000 08:05 20988                      /lib/x86_64-linux-gnu/libnsl-2.17.so
7f3c175b4000-7f3c177b3000 ---p 00015000 08:05 20988                      /lib/x86_64-linux-gnu/libnsl-2.17.so
7f3c177b3000-7f3c177b4000 r--p 00014000 08:05 20988                      /lib/x86_64-linux-gnu/libnsl-2.17.so
7f3c177b4000-7f3c177b5000 rw-p 00015000 08:05 20988                      /lib/x86_64-linux-gnu/libnsl-2.17.so
7f3c177b5000-7f3c177b7000 rw-p 00000000 00:00 0 
7f3c177b7000-7f3c177be000 r-xp 00000000 08:05 20990                      /lib/x86_64-linux-gnu/libnss_compat-2.17.so
7f3c177be000-7f3c179bd000 ---p 00007000 08:05 20990                      /lib/x86_64-linux-gnu/libnss_compat-2.17.so
7f3c179bd000-7f3c179be000 r--p 00006000 08:05 20990                      /lib/x86_64-linux-gnu/libnss_compat-2.17.so
7f3c179be000-7f3c179bf000 rw-p 00007000 08:05 20990                      /lib/x86_64-linux-gnu/libnss_compat-2.17.so
7f3c179bf000-7f3c179e8000 r-xp 00000000 08:05 178052                     /usr/lib/jvm/java-7-oracle/jre/lib/amd64/libjava.so
7f3c179e8000-7f3c17be8000 ---p 00029000 08:05 178052                     /usr/lib/jvm/java-7-oracle/jre/lib/amd64/libjava.so
7f3c17be8000-7f3c17bea000 rw-p 00029000 08:05 178052                     /usr/lib/jvm/java-7-oracle/jre/lib/amd64/libjava.so
7f3c17bea000-7f3c17bf7000 r-xp 00000000 08:05 178086                     /usr/lib/jvm/java-7-oracle/jre/lib/amd64/libverify.so
7f3c17bf7000-7f3c17df6000 ---p 0000d000 08:05 178086                     /usr/lib/jvm/java-7-oracle/jre/lib/amd64/libverify.so
7f3c17df6000-7f3c17df8000 rw-p 0000c000 08:05 178086                     /usr/lib/jvm/java-7-oracle/jre/lib/amd64/libverify.so
7f3c17df8000-7f3c17dff000 r-xp 00000000 08:05 21006                      /lib/x86_64-linux-gnu/librt-2.17.so
7f3c17dff000-7f3c17ffe000 ---p 00007000 08:05 21006                      /lib/x86_64-linux-gnu/librt-2.17.so
7f3c17ffe000-7f3c17fff000 r--p 00006000 08:05 21006                      /lib/x86_64-linux-gnu/librt-2.17.so
7f3c17fff000-7f3c18000000 rw-p 00007000 08:05 21006                      /lib/x86_64-linux-gnu/librt-2.17.so
7f3c18000000-7f3c18811000 rw-p 00000000 00:00 0 
7f3c18811000-7f3c1c000000 ---p 00000000 00:00 0 
7f3c1c000000-7f3c1c004000 r--s 0001c000 08:05 1963630                    /home/mejty/netbeans-8.0beta/java/maven/lib/aether-util-1.13.1.jar
7f3c1c004000-7f3c1c007000 r--s 00008000 08:05 1963511                    /home/mejty/netbeans-8.0beta/java/maven/lib/maven-settings-builder-3.0.5.jar
7f3c1c007000-7f3c1c00b000 r--s 00012000 08:05 1963636                    /home/mejty/netbeans-8.0beta/java/maven/lib/aether-api-1.13.1.jar
7f3c1c00b000-7f3c1c00d000 r--s 00000000 08:05 1963321                    /home/mejty/netbeans-8.0beta/java/maven/lib/plexus-component-annotations-1.5.5.jar
7f3c1c00d000-7f3c1c00e000 r--s 00009000 08:05 1963645                    /home/mejty/netbeans-8.0beta/java/maven/lib/commons-cli-1.2.jar
7f3c1c00e000-7f3c1c010000 r--s 0000b000 08:05 1963603                    /home/mejty/netbeans-8.0beta/java/maven/lib/wagon-provider-api-2.4.jar
7f3c1c010000-7f3c1c012000 r--s 00006000 08:05 1963423                    /home/mejty/netbeans-8.0beta/java/maven/lib/maven-repository-metadata-3.0.5.jar
7f3c1c012000-7f3c1c014000 r--s 0000a000 08:05 1963618                    /home/mejty/netbeans-8.0beta/java/maven/lib/maven-settings-3.0.5.jar
7f3c1c014000-7f3c1c015000 r--s 00003000 08:05 1963637                    /home/mejty/netbeans-8.0beta/java/maven/lib/aether-spi-1.13.1.jar
7f3c1c015000-7f3c1c017000 r--s 0000c000 08:05 1963527                    /home/mejty/netbeans-8.0beta/java/maven/lib/maven-aether-provider-3.0.5.jar
7f3c1c017000-7f3c1c01d000 r--s 0002b000 08:05 1963579                    /home/mejty/netbeans-8.0beta/java/maven/lib/sisu-inject-plexus-2.3.0.jar
7f3c1c01d000-7f3c1c023000 r--s 0003e000 08:05 1963631                    /home/mejty/netbeans-8.0beta/java/maven/lib/maven-compat-3.0.5.jar
7f3c1c023000-7f3c1c025000 r--s 0000d000 08:05 1963560                    /home/mejty/netbeans-8.0beta/java/maven/lib/plexus-interpolation-1.14.jar
7f3c1c025000-7f3c1c031000 r--s 0007b000 08:05 1963642                    /home/mejty/netbeans-8.0beta/java/maven/lib/maven-core-3.0.5.jar
7f3c1c031000-7f3c1c034000 r--s 00025000 08:05 1963634                    /home/mejty/netbeans-8.0beta/java/maven/lib/maven-model-3.0.5.jar
7f3c1c034000-7f3c1c052000 r--s 0014f000 08:05 1963643                    /home/mejty/netbeans-8.0beta/java/maven/lib/sisu-guava-0.9.9.jar
7f3c1c052000-7f3c1c0e0000 rw-p 00000000 00:00 0 
7f3c1c0e0000-7f3c1c0fe000 rw-p 00000000 00:00 0 
7f3c1c0fe000-7f3c1c1fa000 r-xp 00000000 08:05 20984                      /lib/x86_64-linux-gnu/libm-2.17.so
7f3c1c1fa000-7f3c1c3fa000 ---p 000fc000 08:05 20984                      /lib/x86_64-linux-gnu/libm-2.17.so
7f3c1c3fa000-7f3c1c3fb000 r--p 000fc000 08:05 20984                      /lib/x86_64-linux-gnu/libm-2.17.so
7f3c1c3fb000-7f3c1c3fc000 rw-p 000fd000 08:05 20984                      /lib/x86_64-linux-gnu/libm-2.17.so
7f3c1c3fc000-7f3c1cf5e000 r-xp 00000000 08:05 178029                     /usr/lib/jvm/java-7-oracle/jre/lib/amd64/server/libjvm.so
7f3c1cf5e000-7f3c1d15e000 ---p 00b62000 08:05 178029                     /usr/lib/jvm/java-7-oracle/jre/lib/amd64/server/libjvm.so
7f3c1d15e000-7f3c1d221000 rw-p 00b62000 08:05 178029                     /usr/lib/jvm/java-7-oracle/jre/lib/amd64/server/libjvm.so
7f3c1d221000-7f3c1d262000 rw-p 00000000 00:00 0 
7f3c1d262000-7f3c1d404000 r-xp 00000000 08:05 20976                      /lib/x86_64-linux-gnu/libc-2.17.so
7f3c1d404000-7f3c1d604000 ---p 001a2000 08:05 20976                      /lib/x86_64-linux-gnu/libc-2.17.so
7f3c1d604000-7f3c1d608000 r--p 001a2000 08:05 20976                      /lib/x86_64-linux-gnu/libc-2.17.so
7f3c1d608000-7f3c1d60a000 rw-p 001a6000 08:05 20976                      /lib/x86_64-linux-gnu/libc-2.17.so
7f3c1d60a000-7f3c1d60e000 rw-p 00000000 00:00 0 
7f3c1d60e000-7f3c1d611000 r-xp 00000000 08:05 20982                      /lib/x86_64-linux-gnu/libdl-2.17.so
7f3c1d611000-7f3c1d810000 ---p 00003000 08:05 20982                      /lib/x86_64-linux-gnu/libdl-2.17.so
7f3c1d810000-7f3c1d811000 r--p 00002000 08:05 20982                      /lib/x86_64-linux-gnu/libdl-2.17.so
7f3c1d811000-7f3c1d812000 rw-p 00003000 08:05 20982                      /lib/x86_64-linux-gnu/libdl-2.17.so
7f3c1d812000-7f3c1d828000 r-xp 00000000 08:05 175489                     /usr/lib/jvm/java-7-oracle/lib/amd64/jli/libjli.so
7f3c1d828000-7f3c1da28000 ---p 00016000 08:05 175489                     /usr/lib/jvm/java-7-oracle/lib/amd64/jli/libjli.so
7f3c1da28000-7f3c1da29000 rw-p 00016000 08:05 175489                     /usr/lib/jvm/java-7-oracle/lib/amd64/jli/libjli.so
7f3c1da29000-7f3c1da40000 r-xp 00000000 08:05 20968                      /lib/x86_64-linux-gnu/libpthread-2.17.so
7f3c1da40000-7f3c1dc3f000 ---p 00017000 08:05 20968                      /lib/x86_64-linux-gnu/libpthread-2.17.so
7f3c1dc3f000-7f3c1dc40000 r--p 00016000 08:05 20968                      /lib/x86_64-linux-gnu/libpthread-2.17.so
7f3c1dc40000-7f3c1dc41000 rw-p 00017000 08:05 20968                      /lib/x86_64-linux-gnu/libpthread-2.17.so
7f3c1dc41000-7f3c1dc45000 rw-p 00000000 00:00 0 
7f3c1dc45000-7f3c1dc66000 r-xp 00000000 08:05 20970                      /lib/x86_64-linux-gnu/ld-2.17.so
7f3c1dc66000-7f3c1dc6e000 r--s 0004e000 08:05 1963590                    /home/mejty/netbeans-8.0beta/java/maven/lib/sisu-guice-3.1.0-no_aop.jar
7f3c1dc6e000-7f3c1dc8d000 rw-p 00000000 00:00 0 
7f3c1dc8d000-7f3c1dd43000 rw-p 00000000 00:00 0 
7f3c1dd43000-7f3c1dd46000 ---p 00000000 00:00 0 
7f3c1dd46000-7f3c1de48000 rw-p 00000000 00:00 0 
7f3c1de48000-7f3c1de49000 r--p 00000000 00:00 0 
7f3c1de49000-7f3c1de4a000 r--s 00002000 08:05 1963647                    /home/mejty/netbeans-8.0beta/java/maven/lib/wagon-file-2.4.jar
7f3c1de4a000-7f3c1de4c000 r--s 0000b000 08:05 1963616                    /home/mejty/netbeans-8.0beta/java/maven/lib/maven-artifact-3.0.5.jar
7f3c1de4c000-7f3c1de4e000 r--s 00006000 08:05 1963486                    /home/mejty/netbeans-8.0beta/java/maven/lib/aether-connector-wagon-1.13.1.jar
7f3c1de4e000-7f3c1de4f000 r--s 00006000 08:05 1963559                    /home/mejty/netbeans-8.0beta/java/maven/lib/plexus-sec-dispatcher-1.3.jar
7f3c1de4f000-7f3c1de51000 r--s 0000a000 08:05 1963604                    /home/mejty/netbeans-8.0beta/java/maven/lib/maven-plugin-api-3.0.5.jar
7f3c1de51000-7f3c1de56000 r--s 00020000 08:05 1963558                    /home/mejty/netbeans-8.0beta/java/maven/lib/maven-model-builder-3.0.5.jar
7f3c1de56000-7f3c1de58000 r--s 00009000 08:05 1963617                    /home/mejty/netbeans-8.0beta/java/maven/lib/maven-embedder-3.0.5.jar
7f3c1de58000-7f3c1de5a000 r--s 0000a000 08:05 1963592                    /home/mejty/netbeans-8.0beta/java/maven/boot/plexus-classworlds-2.4.jar
7f3c1de5a000-7f3c1de62000 rw-s 00000000 08:05 668226                     /tmp/hsperfdata_mejty/20322
7f3c1de62000-7f3c1de63000 rw-p 00000000 00:00 0 
7f3c1de63000-7f3c1de64000 ---p 00000000 00:00 0 
7f3c1de64000-7f3c1de66000 rw-p 00000000 00:00 0 
7f3c1de66000-7f3c1de67000 r--p 00021000 08:05 20970                      /lib/x86_64-linux-gnu/ld-2.17.so
7f3c1de67000-7f3c1de69000 rw-p 00022000 08:05 20970                      /lib/x86_64-linux-gnu/ld-2.17.so
7fffe37db000-7fffe37fc000 rw-p 00000000 00:00 0                          [stack]
7fffe37ff000-7fffe3800000 r-xp 00000000 00:00 0                          [vdso]
ffffffffff600000-ffffffffff601000 r-xp 00000000 00:00 0                  [vsyscall]

VM Arguments:
jvm_args: -Dclassworlds.conf=/home/mejty/netbeans-8.0beta/java/maven/bin/m2.conf -Dmaven.home=/home/mejty/netbeans-8.0beta/java/maven 
java_command: org.codehaus.plexus.classworlds.launcher.Launcher -Dmaven.ext.class.path=/home/mejty/netbeans-8.0beta/java/maven-nblib/netbeans-eventspy.jar test
Launcher Type: SUN_STANDARD

Environment Variables:
JAVA_HOME=/usr/lib/jvm/java-7-oracle
PATH=/usr/local/bin:/usr/bin:/bin:/usr/local/games:/usr/games:/usr/lib/jvm/java-7-oracle/bin:/usr/lib/jvm/java-7-oracle/db/bin:/usr/lib/jvm/java-7-oracle/jre/bin
USERNAME=mejty
LD_LIBRARY_PATH=/usr/lib/jvm/java-7-oracle/jre/lib/amd64:/usr/lib/jvm/java-7-oracle/jre/lib/i386:
SHELL=/bin/bash
DISPLAY=:0

Signal Handlers:
SIGSEGV: [libjvm.so+0x993870], sa_mask[0]=0x7ffbfeff, sa_flags=0x10000004
SIGBUS: [libjvm.so+0x993870], sa_mask[0]=0x7ffbfeff, sa_flags=0x10000004
SIGFPE: [libjvm.so+0x8105b0], sa_mask[0]=0x7ffbfeff, sa_flags=0x10000004
SIGPIPE: [libjvm.so+0x8105b0], sa_mask[0]=0x7ffbfeff, sa_flags=0x10000004
SIGXFSZ: [libjvm.so+0x8105b0], sa_mask[0]=0x7ffbfeff, sa_flags=0x10000004
SIGILL: [libjvm.so+0x8105b0], sa_mask[0]=0x7ffbfeff, sa_flags=0x10000004
SIGUSR1: SIG_DFL, sa_mask[0]=0x00000000, sa_flags=0x00000000
SIGUSR2: [libjvm.so+0x811aa0], sa_mask[0]=0x00000004, sa_flags=0x10000004
SIGHUP: [libjvm.so+0x812a10], sa_mask[0]=0x7ffbfeff, sa_flags=0x10000004
SIGINT: SIG_IGN, sa_mask[0]=0x00000000, sa_flags=0x00000000
SIGTERM: [libjvm.so+0x812a10], sa_mask[0]=0x7ffbfeff, sa_flags=0x10000004
SIGQUIT: [libjvm.so+0x812a10], sa_mask[0]=0x7ffbfeff, sa_flags=0x10000004


---------------  S Y S T E M  ---------------

OS:7.3

uname:Linux 3.2.0-4-amd64 #1 SMP Debian 3.2.51-1 x86_64
libc:glibc 2.17 NPTL 2.17 
rlimit: STACK 8192k, CORE 0k, NPROC 31382, NOFILE 4096, AS infinity
load average:0,75 0,43 0,47

/proc/meminfo:
MemTotal:        4030188 kB
MemFree:           87368 kB
Buffers:            2276 kB
Cached:           134108 kB
SwapCached:            0 kB
Active:          3534940 kB
Inactive:         103992 kB
Active(anon):    3505896 kB
Inactive(anon):    83076 kB
Active(file):      29044 kB
Inactive(file):    20916 kB
Unevictable:         496 kB
Mlocked:             496 kB
SwapTotal:             0 kB
SwapFree:              0 kB
Dirty:               388 kB
Writeback:             0 kB
AnonPages:       3503228 kB
Mapped:           187504 kB
Shmem:             86264 kB
Slab:              56004 kB
SReclaimable:      21240 kB
SUnreclaim:        34764 kB
KernelStack:        5192 kB
PageTables:        51740 kB
NFS_Unstable:          0 kB
Bounce:                0 kB
WritebackTmp:          0 kB
CommitLimit:     2015092 kB
Committed_AS:    7992368 kB
VmallocTotal:   34359738367 kB
VmallocUsed:      103588 kB
VmallocChunk:   34359628128 kB
HardwareCorrupted:     0 kB
AnonHugePages:         0 kB
HugePages_Total:       0
HugePages_Free:        0
HugePages_Rsvd:        0
HugePages_Surp:        0
Hugepagesize:       2048 kB
DirectMap4k:       92160 kB
DirectMap2M:     4069376 kB


CPU:total 2 (2 cores per cpu, 1 threads per core) family 6 model 23 stepping 10, cmov, cx8, fxsr, mmx, sse, sse2, sse3, ssse3, sse4.1, tsc

/proc/cpuinfo:
processor	: 0
vendor_id	: GenuineIntel
cpu family	: 6
model		: 23
model name	: Intel(R) Core(TM)2 Duo CPU     T6600  @ 2.20GHz
stepping	: 10
microcode	: 0xa07
cpu MHz		: 2200.000
cache size	: 2048 KB
physical id	: 0
siblings	: 2
core id		: 0
cpu cores	: 2
apicid		: 0
initial apicid	: 0
fpu		: yes
fpu_exception	: yes
cpuid level	: 13
wp		: yes
flags		: fpu vme de pse tsc msr pae mce cx8 apic sep mtrr pge mca cmov pat pse36 clflush dts acpi mmx fxsr sse sse2 ss ht tm pbe syscall nx lm constant_tsc arch_perfmon pebs bts rep_good nopl aperfmperf pni dtes64 monitor ds_cpl est tm2 ssse3 cx16 xtpr pdcm sse4_1 xsave lahf_lm dtherm
bogomips	: 4389.64
clflush size	: 64
cache_alignment	: 64
address sizes	: 36 bits physical, 48 bits virtual
power management:

processor	: 1
vendor_id	: GenuineIntel
cpu family	: 6
model		: 23
model name	: Intel(R) Core(TM)2 Duo CPU     T6600  @ 2.20GHz
stepping	: 10
microcode	: 0xa07
cpu MHz		: 1200.000
cache size	: 2048 KB
physical id	: 0
siblings	: 2
core id		: 1
cpu cores	: 2
apicid		: 1
initial apicid	: 1
fpu		: yes
fpu_exception	: yes
cpuid level	: 13
wp		: yes
flags		: fpu vme de pse tsc msr pae mce cx8 apic sep mtrr pge mca cmov pat pse36 clflush dts acpi mmx fxsr sse sse2 ss ht tm pbe syscall nx lm constant_tsc arch_perfmon pebs bts rep_good nopl aperfmperf pni dtes64 monitor ds_cpl est tm2 ssse3 cx16 xtpr pdcm sse4_1 xsave lahf_lm dtherm
bogomips	: 4388.94
clflush size	: 64
cache_alignment	: 64
address sizes	: 36 bits physical, 48 bits virtual
power management:



Memory: 4k page, physical 4030188k(87368k free), swap 0k(0k free)

vm_info: Java HotSpot(TM) 64-Bit Server VM (24.51-b03) for linux-amd64 JRE (1.7.0_51-b13), built on Dec 18 2013 18:48:01 by "java_re" with gcc 4.3.0 20080428 (Red Hat 4.3.0-8)

time: Sat Feb  8 15:36:16 2014
elapsed time: 10 seconds

