-1.6
-encoding
UTF-8
-classpath
/home/mejty/.m2/repository/com/sun/jersey/jersey-server/1.14/jersey-server-1.14.jar:/home/mejty/.m2/repository/com/sun/faces/jsf-api/2.1.14/jsf-api-2.1.14.jar:/home/mejty/.m2/repository/com/sun/faces/jsf-impl/2.1.14/jsf-impl-2.1.14.jar:/home/mejty/.m2/repository/javax/servlet/javax.servlet-api/3.0.1/javax.servlet-api-3.0.1.jar:/home/mejty/.m2/repository/javax/servlet/jsp/jsp-api/2.2/jsp-api-2.2.jar:/home/mejty/.m2/repository/org/hibernate/hibernate-entitymanager/4.1.7.Final/hibernate-entitymanager-4.1.7.Final.jar:/home/mejty/.m2/repository/org/springframework/spring-core/3.1.2.RELEASE/spring-core-3.1.2.RELEASE.jar:/home/mejty/.m2/repository/org/springframework/spring-context/3.1.2.RELEASE/spring-context-3.1.2.RELEASE.jar:/home/mejty/.m2/repository/org/springframework/spring-orm/3.1.2.RELEASE/spring-orm-3.1.2.RELEASE.jar:/home/mejty/.m2/repository/org/springframework/spring-web/3.1.2.RELEASE/spring-web-3.1.2.RELEASE.jar:/home/mejty/.m2/repository/org/springframework/spring-webmvc/3.1.2.RELEASE/spring-webmvc-3.1.2.RELEASE.jar:/home/mejty/.m2/repository/org/springframework/spring-test/3.1.2.RELEASE/spring-test-3.1.2.RELEASE.jar:/home/mejty/.m2/repository/org/springframework/security/facelets-taglib-jsf20-spring-3/0.5/facelets-taglib-jsf20-spring-3-0.5.jar:/home/mejty/.m2/repository/org/springframework/security/spring-security-web/3.1.2.RELEASE/spring-security-web-3.1.2.RELEASE.jar:/home/mejty/.m2/repository/org/springframework/security/spring-security-config/3.1.2.RELEASE/spring-security-config-3.1.2.RELEASE.jar:/home/mejty/.m2/repository/org/springframework/spring-aspects/3.1.2.RELEASE/spring-aspects-3.1.2.RELEASE.jar:/home/mejty/.m2/repository/com/sun/jersey/jersey-servlet/1.14/jersey-servlet-1.14.jar:/home/mejty/.m2/repository/com/sun/jersey/jersey-json/1.14/jersey-json-1.14.jar:/home/mejty/.m2/repository/com/sun/jersey/contribs/jersey-spring/1.14/jersey-spring-1.14.jar:/home/mejty/.m2/repository/mysql/mysql-connector-java/5.1.9/mysql-connector-java-5.1.9.jar:/home/mejty/.m2/repository/commons-dbcp/commons-dbcp/1.4/commons-dbcp-1.4.jar:/home/mejty/.m2/repository/org/aspectj/aspectjrt/1.6.12/aspectjrt-1.6.12.jar:/home/mejty/.m2/repository/org/primefaces/primefaces/3.4.2/primefaces-3.4.2.jar:/home/mejty/.m2/repository/junit/junit/4.8.2/junit-4.8.2.jar:/home/mejty/.m2/repository/log4j/log4j/1.2.16/log4j-1.2.16.jar:/home/mejty/.m2/repository/org/slf4j/slf4j-log4j12/1.6.1/slf4j-log4j12-1.6.1.jar:/home/mejty/.m2/repository/cglib/cglib/2.2/cglib-2.2.jar:/home/mejty/.m2/repository/javax/sql/jdbc-stdext/2.0/jdbc-stdext-2.0.jar:/home/mejty/.m2/repository/javax/transaction/jta/1.0.1B/jta-1.0.1B.jar:/home/mejty/.m2/repository/asm/asm/3.1/asm-3.1.jar:/home/mejty/.m2/repository/com/sun/jersey/jersey-core/1.14/jersey-core-1.14.jar:/home/mejty/.m2/repository/org/jboss/logging/jboss-logging/3.1.0.GA/jboss-logging-3.1.0.GA.jar:/home/mejty/.m2/repository/org/jboss/spec/javax/transaction/jboss-transaction-api_1.1_spec/1.0.0.Final/jboss-transaction-api_1.1_spec-1.0.0.Final.jar:/home/mejty/.m2/repository/dom4j/dom4j/1.6.1/dom4j-1.6.1.jar:/home/mejty/.m2/repository/org/hibernate/javax/persistence/hibernate-jpa-2.0-api/1.0.1.Final/hibernate-jpa-2.0-api-1.0.1.Final.jar:/home/mejty/.m2/repository/org/javassist/javassist/3.15.0-GA/javassist-3.15.0-GA.jar:/home/mejty/.m2/repository/org/hibernate/hibernate-core/4.1.7.Final/hibernate-core-4.1.7.Final.jar:/home/mejty/.m2/repository/antlr/antlr/2.7.7/antlr-2.7.7.jar:/home/mejty/.m2/repository/org/hibernate/common/hibernate-commons-annotations/4.0.1.Final/hibernate-commons-annotations-4.0.1.Final.jar:/home/mejty/.m2/repository/org/springframework/spring-asm/3.1.2.RELEASE/spring-asm-3.1.2.RELEASE.jar:/home/mejty/.m2/repository/commons-logging/commons-logging/1.1.1/commons-logging-1.1.1.jar:/home/mejty/.m2/repository/org/springframework/spring-aop/3.1.2.RELEASE/spring-aop-3.1.2.RELEASE.jar:/home/mejty/.m2/repository/org/springframework/spring-beans/3.1.2.RELEASE/spring-beans-3.1.2.RELEASE.jar:/home/mejty/.m2/repository/org/springframework/spring-expression/3.1.2.RELEASE/spring-expression-3.1.2.RELEASE.jar:/home/mejty/.m2/repository/org/springframework/spring-jdbc/3.1.2.RELEASE/spring-jdbc-3.1.2.RELEASE.jar:/home/mejty/.m2/repository/org/springframework/spring-tx/3.1.2.RELEASE/spring-tx-3.1.2.RELEASE.jar:/home/mejty/.m2/repository/aopalliance/aopalliance/1.0/aopalliance-1.0.jar:/home/mejty/.m2/repository/org/springframework/spring-context-support/3.1.2.RELEASE/spring-context-support-3.1.2.RELEASE.jar:/home/mejty/.m2/repository/org/springframework/security/spring-security-core/3.1.2.RELEASE/spring-security-core-3.1.2.RELEASE.jar:/home/mejty/.m2/repository/org/codehaus/jettison/jettison/1.1/jettison-1.1.jar:/home/mejty/.m2/repository/stax/stax-api/1.0.1/stax-api-1.0.1.jar:/home/mejty/.m2/repository/com/sun/xml/bind/jaxb-impl/2.2.3-1/jaxb-impl-2.2.3-1.jar:/home/mejty/.m2/repository/javax/xml/bind/jaxb-api/2.2.2/jaxb-api-2.2.2.jar:/home/mejty/.m2/repository/javax/xml/stream/stax-api/1.0-2/stax-api-1.0-2.jar:/home/mejty/.m2/repository/javax/activation/activation/1.1/activation-1.1.jar:/home/mejty/.m2/repository/org/codehaus/jackson/jackson-core-asl/1.9.2/jackson-core-asl-1.9.2.jar:/home/mejty/.m2/repository/org/codehaus/jackson/jackson-mapper-asl/1.9.2/jackson-mapper-asl-1.9.2.jar:/home/mejty/.m2/repository/org/codehaus/jackson/jackson-jaxrs/1.9.2/jackson-jaxrs-1.9.2.jar:/home/mejty/.m2/repository/org/codehaus/jackson/jackson-xc/1.9.2/jackson-xc-1.9.2.jar:/home/mejty/.m2/repository/commons-pool/commons-pool/1.5.4/commons-pool-1.5.4.jar:/home/mejty/.m2/repository/org/slf4j/slf4j-api/1.6.1/slf4j-api-1.6.1.jar:/home/mejty/Dokumenty/wpacp3/wpacp3/target/classes
-aspectpath
/home/mejty/.m2/repository/org/springframework/spring-aspects/3.1.2.RELEASE/spring-aspects-3.1.2.RELEASE.jar
-d
/home/mejty/Dokumenty/wpacp3/wpacp3/target/classes
/home/mejty/Dokumenty/wpacp3/wpacp3/src/main/java/com/wpa/wpa/bo/Role.java
/home/mejty/Dokumenty/wpacp3/wpacp3/src/main/java/com/wpa/wpa/bo/CorrectorsGroup.java
/home/mejty/Dokumenty/wpacp3/wpacp3/src/main/java/com/wpa/wpa/bo/Article.java
/home/mejty/Dokumenty/wpacp3/wpacp3/src/main/java/com/wpa/wpa/bo/User.java
/home/mejty/Dokumenty/wpacp3/wpacp3/src/main/java/com/wpa/wpa/bo/AbstractBusinessObject.java
/home/mejty/Dokumenty/wpacp3/wpacp3/src/main/java/com/wpa/wpa/bo/State.java
/home/mejty/Dokumenty/wpacp3/wpacp3/src/main/java/com/wpa/wpa/service/AuthenticationService.java
/home/mejty/Dokumenty/wpacp3/wpacp3/src/main/java/com/wpa/wpa/service/StateService.java
/home/mejty/Dokumenty/wpacp3/wpacp3/src/main/java/com/wpa/wpa/service/RoleServiceImpl.java
/home/mejty/Dokumenty/wpacp3/wpacp3/src/main/java/com/wpa/wpa/service/ArticleServiceImpl.java
/home/mejty/Dokumenty/wpacp3/wpacp3/src/main/java/com/wpa/wpa/service/UserServiceImpl.java
/home/mejty/Dokumenty/wpacp3/wpacp3/src/main/java/com/wpa/wpa/service/CorrectorsGroupServiceImpl.java
/home/mejty/Dokumenty/wpacp3/wpacp3/src/main/java/com/wpa/wpa/service/RoleService.java
/home/mejty/Dokumenty/wpacp3/wpacp3/src/main/java/com/wpa/wpa/service/UserService.java
/home/mejty/Dokumenty/wpacp3/wpacp3/src/main/java/com/wpa/wpa/service/CorrectorsGroupService.java
/home/mejty/Dokumenty/wpacp3/wpacp3/src/main/java/com/wpa/wpa/service/ArticleService.java
/home/mejty/Dokumenty/wpacp3/wpacp3/src/main/java/com/wpa/wpa/service/AbstractDataAccessService.java
/home/mejty/Dokumenty/wpacp3/wpacp3/src/main/java/com/wpa/wpa/service/StateServiceImpl.java
/home/mejty/Dokumenty/wpacp3/wpacp3/src/main/java/com/wpa/wpa/webservices/ArticleService.java
/home/mejty/Dokumenty/wpacp3/wpacp3/src/main/java/com/wpa/wpa/dao/GenericHibernateJpaDao.java
/home/mejty/Dokumenty/wpacp3/wpacp3/src/main/java/com/wpa/wpa/dao/GenericDao.java
/home/mejty/Dokumenty/wpacp3/wpacp3/src/main/java/com/wpa/wpa/helper/DtoTransformerHelper.java
/home/mejty/Dokumenty/wpacp3/wpacp3/src/main/java/com/wpa/wpa/helper/SecurityRoleHelper.java
/home/mejty/Dokumenty/wpacp3/wpacp3/src/main/java/com/wpa/wpa/helper/HibernateTools.java
/home/mejty/Dokumenty/wpacp3/wpacp3/src/main/java/com/wpa/wpa/provider/HashProvider.java
/home/mejty/Dokumenty/wpacp3/wpacp3/src/main/java/com/wpa/wpa/provider/SHA1Provider.java
/home/mejty/Dokumenty/wpacp3/wpacp3/src/main/java/com/wpa/wpa/dto/CorrectorsGroupDto.java
/home/mejty/Dokumenty/wpacp3/wpacp3/src/main/java/com/wpa/wpa/dto/UserDto.java
/home/mejty/Dokumenty/wpacp3/wpacp3/src/main/java/com/wpa/wpa/dto/ArticleDto.java
/home/mejty/Dokumenty/wpacp3/wpacp3/src/main/java/com/wpa/wpa/dto/RoleDto.java
/home/mejty/Dokumenty/wpacp3/wpacp3/src/main/java/com/wpa/wpa/dto/StateDto.java
/home/mejty/Dokumenty/wpacp3/wpacp3/src/main/java/com/wpa/wpa/dto/AbstractDto.java
/home/mejty/Dokumenty/wpacp3/wpacp3/src/main/java/com/wpa/wpa/view/conv/LongConverter.java
/home/mejty/Dokumenty/wpacp3/wpacp3/src/main/java/com/wpa/wpa/view/bb/ArticlesBB.java
/home/mejty/Dokumenty/wpacp3/wpacp3/src/main/java/com/wpa/wpa/view/bb/RoleListBB.java
/home/mejty/Dokumenty/wpacp3/wpacp3/src/main/java/com/wpa/wpa/view/bb/UserBB.java
/home/mejty/Dokumenty/wpacp3/wpacp3/src/main/java/com/wpa/wpa/view/bb/CorrectorsGroupsBB.java
/home/mejty/Dokumenty/wpacp3/wpacp3/src/main/java/com/wpa/wpa/view/helper/FacesUtil.java
/home/mejty/Dokumenty/wpacp3/wpacp3/src/main/java/com/wpa/wpa/view/valid/EmailValidator.java
/home/mejty/Dokumenty/wpacp3/wpacp3/src/main/java/com/wpa/wpa/scheduling/MyScheduler.java
/home/mejty/Dokumenty/wpacp3/wpacp3/src/main/java/com/wpa/wpa/scheduling/MyTask.java
